<?xml version="1.0" encoding="UTF-8"?>
<!-- Generated by org.testng.reporters.JUnitReportReporter -->
<testsuite hostname="ankit-Lenovo-ideapad-300-15ISK" failures="0" tests="1" name="selenium.automation.test.PetClinicTest" time="9.924" errors="0" timestamp="11 May 2020 08:31:49 GMT">
  <testcase classname="selenium.automation.test.PetClinicTest" name="testNewOwnerForm" time="9.924"/>
</testsuite> <!-- selenium.automation.test.PetClinicTest -->
